<?xml version="1.0" encoding="UTF-8"?>
<testsuite xmlns:xsi="http://www.w3.org/2001/XMLSchema-instance" xsi:schemaLocation="https://maven.apache.org/surefire/maven-surefire-plugin/xsd/surefire-test-report.xsd" name="TestSuite" time="43.243" tests="1" errors="0" skipped="0" failures="1">
  <properties>
[...]
</properties>
  <testcase name="feature" classname="Runners.ParaBank_Runner" time="35.193">
    <failure message="java.lang.NullPointerException" type="cucumber.runtime.CucumberException">cucumber.runtime.CucumberException: java.lang.NullPointerException
Caused by: java.lang.NullPointerException
</failure>
    <system-out><![CDATA[ENV under test : STAGING
prject path : /Users/sami/Desktop/Automation/sidrissi/Parabank/Runs/2019_03_27_2307STAGING
results folder was create in this path : /Users/sami/Desktop/Automation/sidrissi/Parabank/Runs/2019_03_27_2307STAGING
creating log folder
log folder created
STARTED FILLING REGISTRATION
Successfully clicked on the WebElement, using locator: <[[ChromeDriver: chrome on MAC (a4614742aecf493cac23e6786f7eb482)] -> xpath: .//div[@id='loginPanel']/p[2]/a]>, using a custom Timeout of: 15
clicked on page
]]></system-out>
    <system-err><![CDATA[Starting ChromeDriver 72.0.3626.69 (3c16f8a135abc0d4da2dff33804db79b849a7c38) on port 47622
Only local connections are allowed.
Please protect ports used by ChromeDriver and related test frameworks to prevent access by malicious code.
Mar 27, 2019 11:07:41 PM org.openqa.selenium.remote.ProtocolHandshake createSession
INFO: Detected dialect: OSS
]]></system-err>
  </testcase>
</testsuite>